2025-06-09 23:56:55,947 - INFO - Runtime server started on port 50053
2025-06-09 23:57:04,909 - INFO - Received LoadModel request for model_id: node_1, type: python:BasicNodeModel
2025-06-09 23:57:04,911 - INFO - Initialized with config: {"neighbor": "node_2"}
2025-06-09 23:57:04,912 - INFO - Successfully loaded model node_1 of type python:BasicNodeModel.
2025-06-09 23:57:04,912 - INFO - Received LoadModel request for model_id: node_2, type: python:BasicNodeModel
2025-06-09 23:57:04,912 - INFO - Initialized with config: {"neighbor": "node_1"}
2025-06-09 23:57:04,913 - INFO - Successfully loaded model node_2 of type python:BasicNodeModel.
2025-06-09 23:57:04,934 - DEBUG - Received HandleEvent request for model_id: node_1, event_id: evt-0, time: 0.0
2025-06-09 23:57:04,934 - DEBUG - Calling handle_event on model node_1 instance...
2025-06-09 23:57:04,934 - DEBUG - Received event at time 0.0: ID=evt-0, Target=node_1, Source=KERNEL_INIT, Data Type URL: type.googleapis.com/modern.proto.models.STARTSignal
2025-06-09 23:57:04,934 - INFO - Received START signal.
2025-06-09 23:57:04,934 - ERROR - Error handling event evt-0 in model node_1: module 'kernel_pb2' has no attribute 'SimulationEvent'
Traceback (most recent call last):
  File "/home/ubuntu/modern_simulator/runtime/runtime_service.py", line 105, in HandleEvent
    generated_events = model_instance.handle_event(current_time, event)
                       ^^^^^^^^^^^^^^^^^^^^^^^^^^^^^^^^^^^^^^^^^^^^^^^^
  File "/home/ubuntu/modern_simulator/models/basic_node.py", line 60, in handle_event
    ping_event = kernel_pb2.SimulationEvent(
                 ^^^^^^^^^^^^^^^^^^^^^^^^^^
AttributeError: module 'kernel_pb2' has no attribute 'SimulationEvent'
